Server listening on port 8888
{ Error: connect ECONNREFUSED 127.0.0.1:3306
    at Object._errnoException (util.js:1003:13)
    at _exceptionWithHostPort (util.js:1024:20)
    at TCPConnectWrap.afterConnect [as oncomplete] (net.js:1194:14)
    --------------------
    at Protocol._enqueue (/home/cis1024/HealthDashboard/dev_test/node_modules/mysql/lib/protocol/Protocol.js:145:48)
    at Protocol.handshake (/home/cis1024/HealthDashboard/dev_test/node_modules/mysql/lib/protocol/Protocol.js:52:23)
    at Connection.connect (/home/cis1024/HealthDashboard/dev_test/node_modules/mysql/lib/Connection.js:130:18)
    at Object.<anonymous> (/home/cis1024/HealthDashboard/dev_test/database/db.js:9:12)
    at Module._compile (module.js:660:30)
    at Object.Module._extensions..js (module.js:671:10)
    at Module.load (module.js:573:32)
    at tryModuleLoad (module.js:513:12)
    at Function.Module._load (module.js:505:3)
    at Module.require (module.js:604:17)
  errno: 'ECONNREFUSED',
  code: 'ECONNREFUSED',
  syscall: 'connect',
  address: '127.0.0.1',
  port: 3306,
  fatal: true }
